[2023-10-30 21:30:57] : IIFLSEC  -  down by 5%
[2023-10-31 11:52:33] : IIFLSEC  -  down by 5%
[2023-10-31 11:52:52] : HDFCLIFE  -  Diff:11.40, Percent Difference: +1.88%
[2023-10-31 11:52:58] : SUZLON  -  Diff:-1.05, Percent Difference: -3.29%
[2023-10-31 11:53:07] : CMSINFO  -  Diff:7.75, Percent Difference: +2.09%
[2023-10-31 11:53:16] : ZOMATO  -  Diff:-2.50, Percent Difference: -2.31%
[2023-10-31 11:53:24] : LATENTVIEW  -  Diff:-11.20, Percent Difference: -2.68%
[2023-10-31 11:53:32] : FIVESTAR  -  Diff:11.45, Percent Difference: +1.57%
[2023-10-31 11:53:38] : Your new entry
[2023-10-31 11:53:40] : MOTILALOFS  -  Diff:18.45, Percent Difference: +1.83%
[2023-10-31 11:53:50] : PPLPHARMA  -  Diff:8.10, Percent Difference: +8.50%
[2023-10-31 11:53:59] : NAM-INDIA  -  Diff:13.10, Percent Difference: +3.51%
[2023-10-31 11:54:07] : CREDITACC  -  Diff:38.60, Percent Difference: +2.43%
[2023-10-31 11:54:15] : SUPRAJIT  -  Diff:9.90, Percent Difference: +2.68%
[2023-10-31 11:54:23] : HAPPSTMNDS  -  Diff:-15.60, Percent Difference: -1.87%
[2023-10-31 12:14:53] : ELGIEQUIP  -  Diff:9.25, Percent Difference: +1.85%
[2023-10-31 12:25:14] : MOTILALOFS  -  Diff:19.10, Percent Difference: +1.86%
[2023-10-31 12:35:34] : SUPRAJIT  -  Diff:-6.35, Percent Difference: -1.67%
[2023-10-31 13:06:17] : SUZLON  -  Diff:-0.65, Percent Difference: -2.10%
[2023-10-31 13:16:38] : CREDITACC  -  Diff:-27.60, Percent Difference: -1.70%
[2023-10-31 13:26:58] : SUPRAJIT  -  Diff:-6.10, Percent Difference: -1.63%
[2023-10-31 13:37:20] : PPLPHARMA  -  Diff:-1.65, Percent Difference: -1.60%
[2023-10-31 13:57:53] : LATENTVIEW  -  Diff:-7.35, Percent Difference: -1.81%
[2023-10-31 14:08:14] : PPLPHARMA  -  Diff:2.80, Percent Difference: +2.75%
[2023-10-31 14:18:34] : BHEL  -  Diff:2.25, Percent Difference: +1.88%
[2023-10-31 14:18:44] : PPLPHARMA  -  Diff:2.55, Percent Difference: +2.44%
[2023-10-31 14:18:51] : IOC  -  Diff:1.85, Percent Difference: +2.12%
[2023-10-31 14:39:22] : SUZLON  -  Diff:0.75, Percent Difference: +2.48%
[2023-10-31 14:39:30] : NAM-INDIA  -  Diff:6.00, Percent Difference: +1.55%
[2023-10-31 14:49:46] : POWERGRID  -  Diff:3.40, Percent Difference: +1.70%
[2023-10-31 14:49:54] : SBICARD  -  Diff:-11.55, Percent Difference: -1.53%
[2023-10-31 15:10:28] : CIEINDIA  -  Diff:-8.05, Percent Difference: -1.72%
[2023-10-31 15:10:36] : ENGINERSIN  -  Diff:-2.10, Percent Difference: -1.66%
[2023-10-31 15:10:46] : PPLPHARMA  -  Diff:-2.10, Percent Difference: -1.96%
[2023-10-31 15:21:06] : VRLLOG  -  Diff:12.10, Percent Difference: +1.84%
[2023-10-31 15:31:27] : SONATSOFTW  -  Diff:-20.20, Percent Difference: -1.74%
[2023-10-31 15:31:35] : SANSERA  -  Diff:30.10, Percent Difference: +3.54%
[2023-10-31 15:41:57] : SANSERA  -  Diff:-23.35, Percent Difference: -2.65%
[2023-11-01 09:32:48] : BHARTIARTL  -  Diff:-14.10, Percent Difference: -1.53%
[2023-11-01 09:32:56] : LATENTVIEW  -  Diff:7.70, Percent Difference: +1.93%
[2023-11-01 09:33:04] : MOTILALOFS  -  Diff:24.50, Percent Difference: +2.34%
[2023-11-01 09:33:11] : IOC  -  Diff:2.80, Percent Difference: +3.14%
[2023-11-01 09:33:20] : SONATSOFTW  -  Diff:22.80, Percent Difference: +1.99%
[2023-11-01 09:43:39] : NAUKRI  -  Diff:65.25, Percent Difference: +1.60%
[2023-11-01 09:53:57] : SONATSOFTW  -  Diff:-18.30, Percent Difference: -1.57%
[2023-11-01 10:04:13] : SANSERA  -  Diff:-13.70, Percent Difference: -1.60%
[2023-11-01 10:24:42] : SBICARD  -  Diff:15.60, Percent Difference: +2.09%
[2023-11-01 10:34:57] : ENGINERSIN  -  Diff:-1.90, Percent Difference: -1.52%
[2023-11-01 10:45:15] : EMAMILTD  -  Diff:8.80, Percent Difference: +1.73%
[2023-11-01 10:55:40] : IIFLSEC  -  Diff:1.75, Percent Difference: +1.75%
[2023-11-01 11:06:01] : IIFLSEC  -  Diff:3.20, Percent Difference: +3.14%
[2023-11-01 11:26:30] : SBICARD  -  Diff:-12.70, Percent Difference: -1.67%
[2023-11-01 11:26:40] : IIFLSEC  -  Diff:1.75, Percent Difference: +1.67%
[2023-11-01 11:37:02] : NAM-INDIA  -  Diff:-6.20, Percent Difference: -1.58%
[2023-11-01 11:47:24] : IIFLSEC  -  Diff:2.10, Percent Difference: +1.97%
[2023-11-01 11:57:44] : MOTILALOFS  -  Diff:16.45, Percent Difference: +1.53%
[2023-11-01 11:57:52] : SUPRAJIT  -  Diff:6.20, Percent Difference: +1.69%
[2023-11-01 12:08:10] : ELGIEQUIP  -  Diff:-8.20, Percent Difference: -1.61%
[2023-11-01 12:18:32] : IIFLSEC  -  Diff:-1.85, Percent Difference: -1.70%
[2023-11-01 12:31:35] : HINDALCO  -  Diff:7.30, Percent Difference: +1.60%
[2023-11-01 13:32:51] : CIEINDIA  -  Diff:-7.55, Percent Difference: -1.64%
[2023-11-01 13:33:00] : ZOMATO  -  Diff:-1.60, Percent Difference: -1.51%
[2023-11-01 13:33:08] : LATENTVIEW  -  Diff:-6.40, Percent Difference: -1.57%
[2023-11-01 13:43:30] : IIFLSEC  -  Diff:-1.75, Percent Difference: -1.64%
[2023-11-01 13:43:37] : AARTIDRUGS  -  Diff:-8.15, Percent Difference: -1.73%
[2023-11-01 13:53:57] : MOTILALOFS  -  Diff:-37.35, Percent Difference: -3.43%
[2023-11-01 14:04:19] : MOTILALOFS  -  Diff:-37.65, Percent Difference: -3.58%
[2023-11-01 14:34:56] : PPLPHARMA  -  Diff:1.85, Percent Difference: +1.76%
[2023-11-01 14:45:16] : INFY  -  Diff:-21.80, Percent Difference: -1.58%
[2023-11-01 14:45:26] : IIFLSEC  -  Diff:-1.60, Percent Difference: -1.52%
[2023-11-01 15:05:56] : ASHOKLEY  -  Diff:-2.65, Percent Difference: -1.58%
[2023-11-01 15:26:25] : AARTIIND  -  Diff:-6.95, Percent Difference: -1.53%
[2023-11-01 15:36:43] : CREDITACC  -  Diff:24.20, Percent Difference: +1.52%
