[2023-10-20 00:00:00] : IIFLSEC - Buy 20.0 @ 102.85
[2023-10-20 00:00:00] : MOTHERSON - Buy 200.0 @ 92.8
[2023-10-23 00:00:00] : NAUKRI - Buy 6.0 @ 4092.2
[2023-10-23 00:00:00] : MEDPLUS - Sell 30.0 @ 802.4
[2023-10-23 00:00:00] : PPLPHARMA - Buy 100.0 @ 94.6
[2023-10-23 00:00:00] : MOTILALOFS - Buy 20.0 @ 939.23
[2023-10-23 00:00:00] : FIVESTAR - Buy 10.0 @ 739.95
[2023-10-23 00:00:00] : NAM-INDIA - Buy 25.0 @ 354.91
[2023-10-23 00:00:00] : IIFLSEC - Buy 50.0 @ 96.5
[2023-10-23 00:00:00] : AARTIDRUGS - Buy 25.0 @ 485.75
[2023-10-23 00:00:00] : LATENTVIEW - Buy 15.0 @ 413.9
[2023-10-23 00:00:00] : INFY - Buy 10.0 @ 1418.6
[2023-10-23 00:00:00] : TATAMOTORS - Buy 20.0 @ 654.59
[2023-10-23 00:00:00] : ASHOKLEY - Buy 50.0 @ 170.9
[2023-10-23 00:00:00] : MEDPLUS - Sell 30.0 @ 801.7
[2023-10-23 00:00:00] : IIFLSEC - Buy 50.0 @ 100.85
[2023-10-23 00:00:00] : AARTIDRUGS - Buy 30.0 @ 512.05
[2023-10-23 00:00:00] : ASHOKLEY - Buy 50.0 @ 171.9
[2023-10-23 00:00:00] : NAM-INDIA - Buy 25.0 @ 366.5
[2023-10-23 00:00:00] : TATAMOTORS - Buy 30.0 @ 664.85
[2023-10-23 00:00:00] : INFOEDGE - Buy 6.0 @ 4092.0
[2023-10-25 00:00:00] : TATAMOTORS - Buy 20.0 @ 638.75
[2023-10-25 00:00:00] : INFY - Buy 25.0 @ 1368.7
[2023-10-25 00:00:00] : POWERGRID - Sell 8.0 @ 199.9
[2023-10-25 00:00:00] : SUZLON - Sell 50.0 @ 31.95
[2023-10-25 00:00:00] : SONATSOFTW - Sell 2.0 @ 1046.0
[2023-10-25 00:00:00] : SUPRAJIT - Sell 5.0 @ 368.15
[2023-10-25 00:00:00] : TRIDENT - Sell 50.0 @ 33.45
[2023-10-25 00:00:00] : SAIL - Sell 64.0 @ 83.9
[2023-10-25 00:00:00] : HDFCLIFE - Sell 12.0 @ 614.7
[2023-10-25 00:00:00] : ENGINERSIN - Sell 20.0 @ 124.35
[2023-10-25 00:00:00] : MOTHERSON - Buy 250.0 @ 91.95
[2023-10-25 00:00:00] : AARTIDRUGS - Buy 25.0 @ 463.15
[2023-10-25 00:00:00] : SUZLON - Sell 100.0 @ 31.8
[2023-10-25 00:00:00] : SULA - Sell 15.0 @ 466.6
[2023-10-25 00:00:00] : TRIDENT - Sell 100.0 @ 33.5
[2023-10-25 00:00:00] : EMAMILTD - Sell 20.0 @ 508.68
[2023-10-25 00:00:00] : SBICARD - Sell 20.0 @ 775.0
[2023-10-25 00:00:00] : BHARTIARTL - Sell 50.0 @ 921.3
[2023-10-25 00:00:00] : MOTILALOFS - Sell 20.0 @ 945.17
[2023-10-25 00:00:00] : VRLLOG - Sell 35.0 @ 654.5
[2023-10-26 00:00:00] : BHARTIARTL - Buy 30.0 @ 905.0
[2023-10-26 00:00:00] : PPLPHARMA - Buy 100.0 @ 89.65
[2023-10-26 00:00:00] : JUBLFOOD - Buy 20.0 @ 506.3
[2023-10-26 00:00:00] : FIVESTAR - Buy 10.0 @ 706.6
[2023-10-26 00:00:00] : TATAMOTORS - Buy 20.0 @ 628.4
[2023-10-26 00:00:00] : INFY - Buy 10.0 @ 1361.0
[2023-10-26 00:00:00] : WIPRO - Sell 20.0 @ 378.1
[2023-10-26 00:00:00] : SANSERA - Sell 13.0 @ 877.68
[2023-10-26 00:00:00] : SANGHIIND - Sell 100.0 @ 113.05
[2023-10-26 00:00:00] : HINDCOPPER - Sell 105.0 @ 138.65
[2023-10-26 00:00:00] : ENGINERSIN - Sell 20.0 @ 117.35
[2023-10-27 00:00:00] : IIFLSEC - Buy 50.0 @ 100.0
[2023-10-27 00:00:00] : ZOMATO - Buy 50.0 @ 106.85
[2023-10-27 00:00:00] : ASHOKLEY - Buy 50.0 @ 167.15
[2023-10-27 00:00:00] : ITC - Buy 20.0 @ 433.35
[2023-10-27 00:00:00] : LATENTVIEW - Buy 10.0 @ 422.5
[2023-10-27 00:00:00] : AARTIDRUGS - Buy 20.0 @ 470.8
[2023-10-29 00:03:00] : NAUKRI - Sell 5.0 @ 4100.0
[2023-10-29 00:06:00] : CMSINFO - Sell 5.0 @ 367.0
[2023-10-29 12:41:00] : CIEINDIA - Buy 12.0 @ 463.6
[2023-10-29 12:41:00] : AARTIIND - Buy 12.0 @ 455.0
[2023-10-29 12:42:00] : ELGIEQUIP - Buy 12.0 @ 482.0
[2023-10-29 12:43:00] : FIVESTAR - Buy 12.0 @ 742.35
[2023-10-29 12:44:00] : LATENTVIEW - Buy 12.0 @ 415.0
[2023-10-30 09:29:00] : SBICARD - Buy 20.0 @ 733.6
[2023-10-30 09:44:00] : PPLPHARMA - Sell 200.0 @ 99.0
[2023-10-30 11:44:00] : LATENTVIEW - Sell 62.0 @ 416.15
[2023-10-30 13:20:00] : MEDPLUS - Buy 15.0 @ 795.0
[2023-10-31 11:52:52] : HDFCLIFE  -  Diff:11.40, Percent Difference: +1.88%
[2023-10-31 11:52:58] : SUZLON  -  Diff:-1.05, Percent Difference: -3.29%
[2023-10-31 11:53:07] : CMSINFO  -  Diff:7.75, Percent Difference: +2.09%
[2023-10-31 11:53:16] : ZOMATO  -  Diff:-2.50, Percent Difference: -2.31%
[2023-10-31 11:53:24] : LATENTVIEW  -  Diff:-11.20, Percent Difference: -2.68%
[2023-10-31 11:53:32] : FIVESTAR  -  Diff:11.45, Percent Difference: +1.57%
[2023-10-31 11:53:38] : Your new entry
[2023-10-31 11:53:40] : MOTILALOFS  -  Diff:18.45, Percent Difference: +1.83%
[2023-10-31 11:53:50] : PPLPHARMA  -  Diff:8.10, Percent Difference: +8.50%
[2023-10-31 11:53:59] : NAM-INDIA  -  Diff:13.10, Percent Difference: +3.51%
[2023-10-31 11:54:07] : CREDITACC  -  Diff:38.60, Percent Difference: +2.43%
[2023-10-31 11:54:15] : SUPRAJIT  -  Diff:9.90, Percent Difference: +2.68%
[2023-10-31 11:54:23] : HAPPSTMNDS  -  Diff:-15.60, Percent Difference: -1.87%
[2023-10-31 12:14:53] : ELGIEQUIP  -  Diff:9.25, Percent Difference: +1.85%
[2023-10-31 12:17:00] : PPLPHARMA - Sell 250.0 @ 102.0
[2023-10-31 12:19:00] : ZOMATO - Buy 50.0 @ 105.8
[2023-10-31 12:25:14] : MOTILALOFS  -  Diff:19.10, Percent Difference: +1.86%
[2023-10-31 12:35:34] : SUPRAJIT  -  Diff:-6.35, Percent Difference: -1.67%
[2023-10-31 13:06:17] : SUZLON  -  Diff:-0.65, Percent Difference: -2.10%
[2023-10-31 13:16:38] : CREDITACC  -  Diff:-27.60, Percent Difference: -1.70%
[2023-10-31 13:26:58] : SUPRAJIT  -  Diff:-6.10, Percent Difference: -1.63%
[2023-10-31 13:28:00] : TITAGARH - Buy 10.0 @ 757.0
[2023-10-31 13:37:20] : PPLPHARMA  -  Diff:-1.65, Percent Difference: -1.60%
[2023-10-31 13:57:53] : LATENTVIEW  -  Diff:-7.35, Percent Difference: -1.81%
[2023-10-31 14:08:14] : PPLPHARMA  -  Diff:2.80, Percent Difference: +2.75%
[2023-10-31 14:18:34] : BHEL  -  Diff:2.25, Percent Difference: +1.88%
[2023-10-31 14:18:44] : PPLPHARMA  -  Diff:2.55, Percent Difference: +2.44%
[2023-10-31 14:18:51] : IOC  -  Diff:1.85, Percent Difference: +2.12%
[2023-10-31 14:39:22] : SUZLON  -  Diff:0.75, Percent Difference: +2.48%
[2023-10-31 14:39:30] : NAM-INDIA  -  Diff:6.00, Percent Difference: +1.55%
[2023-10-31 14:49:46] : POWERGRID  -  Diff:3.40, Percent Difference: +1.70%
[2023-10-31 14:49:54] : SBICARD  -  Diff:-11.55, Percent Difference: -1.53%
[2023-10-31 15:10:28] : CIEINDIA  -  Diff:-8.05, Percent Difference: -1.72%
[2023-10-31 15:10:36] : ENGINERSIN  -  Diff:-2.10, Percent Difference: -1.66%
[2023-10-31 15:10:46] : PPLPHARMA  -  Diff:-2.10, Percent Difference: -1.96%
[2023-10-31 15:21:06] : VRLLOG  -  Diff:12.10, Percent Difference: +1.84%
[2023-10-31 15:31:27] : SONATSOFTW  -  Diff:-20.20, Percent Difference: -1.74%
[2023-10-31 15:31:35] : SANSERA  -  Diff:30.10, Percent Difference: +3.54%
[2023-10-31 15:41:57] : SANSERA  -  Diff:-23.35, Percent Difference: -2.65%
[2023-11-01 09:32:48] : BHARTIARTL  -  Diff:-14.10, Percent Difference: -1.53%
[2023-11-01 09:32:56] : LATENTVIEW  -  Diff:7.70, Percent Difference: +1.93%
[2023-11-01 09:33:04] : MOTILALOFS  -  Diff:24.50, Percent Difference: +2.34%
[2023-11-01 09:33:11] : IOC  -  Diff:2.80, Percent Difference: +3.14%
[2023-11-01 09:33:20] : SONATSOFTW  -  Diff:22.80, Percent Difference: +1.99%
[2023-11-01 09:43:39] : NAUKRI  -  Diff:65.25, Percent Difference: +1.60%
[2023-11-01 09:53:57] : SONATSOFTW  -  Diff:-18.30, Percent Difference: -1.57%
[2023-11-01 10:04:13] : SANSERA  -  Diff:-13.70, Percent Difference: -1.60%
[2023-11-01 10:24:42] : SBICARD  -  Diff:15.60, Percent Difference: +2.09%
[2023-11-01 10:34:57] : ENGINERSIN  -  Diff:-1.90, Percent Difference: -1.52%
[2023-11-01 10:40:00] : NAM-INDIA - Sell 150.0 @ 388.5
[2023-11-01 10:43:00] : PPLPHARMA - Sell 50.0 @ 104.95
[2023-11-01 10:45:15] : EMAMILTD  -  Diff:8.80, Percent Difference: +1.73%
[2023-11-01 10:55:40] : IIFLSEC  -  Diff:1.75, Percent Difference: +1.75%
[2023-11-01 11:06:01] : IIFLSEC  -  Diff:3.20, Percent Difference: +3.14%
[2023-11-01 11:26:30] : SBICARD  -  Diff:-12.70, Percent Difference: -1.67%
[2023-11-01 11:26:40] : IIFLSEC  -  Diff:1.75, Percent Difference: +1.67%
[2023-11-01 11:28:00] : IIFLSEC - Sell 250.0 @ 106.95
[2023-11-01 11:37:02] : NAM-INDIA  -  Diff:-6.20, Percent Difference: -1.58%
[2023-11-01 11:38:00] : NAM-INDIA - Buy 50.0 @ 384.0
[2023-11-01 11:38:00] : NAM-INDIA - Buy 50.0 @ 385.0
[2023-11-01 11:47:24] : IIFLSEC  -  Diff:2.10, Percent Difference: +1.97%
[2023-11-01 11:57:44] : MOTILALOFS  -  Diff:16.45, Percent Difference: +1.53%
[2023-11-01 11:57:52] : SUPRAJIT  -  Diff:6.20, Percent Difference: +1.69%
[2023-11-01 12:08:10] : ELGIEQUIP  -  Diff:-8.20, Percent Difference: -1.61%
[2023-11-01 12:18:32] : IIFLSEC  -  Diff:-1.85, Percent Difference: -1.70%
[2023-11-01 12:31:35] : HINDALCO  -  Diff:7.30, Percent Difference: +1.60%
[2023-11-01 13:32:51] : CIEINDIA  -  Diff:-7.55, Percent Difference: -1.64%
[2023-11-01 13:33:00] : ZOMATO  -  Diff:-1.60, Percent Difference: -1.51%
[2023-11-01 13:33:08] : LATENTVIEW  -  Diff:-6.40, Percent Difference: -1.57%
[2023-11-01 13:34:00] : CIEINDIA - Buy 12.0 @ 453.64
[2023-11-01 13:43:30] : IIFLSEC  -  Diff:-1.75, Percent Difference: -1.64%
[2023-11-01 13:43:37] : AARTIDRUGS  -  Diff:-8.15, Percent Difference: -1.73%
[2023-11-01 13:53:57] : MOTILALOFS  -  Diff:-37.35, Percent Difference: -3.43%
[2023-11-01 14:04:19] : MOTILALOFS  -  Diff:-37.65, Percent Difference: -3.58%
[2023-11-01 14:34:56] : PPLPHARMA  -  Diff:1.85, Percent Difference: +1.76%
[2023-11-01 14:45:16] : INFY  -  Diff:-21.80, Percent Difference: -1.58%
[2023-11-01 14:45:26] : IIFLSEC  -  Diff:-1.60, Percent Difference: -1.52%
[2023-11-01 14:46:00] : INFY - Buy 5.0 @ 1358.6
[2023-11-01 14:47:00] : IIFLSEC - Buy 150.0 @ 103.55
[2023-11-01 15:05:56] : ASHOKLEY  -  Diff:-2.65, Percent Difference: -1.58%
[2023-11-01 15:07:00] : ASHOKLEY - Buy 50.0 @ 165.25
[2023-11-01 15:26:25] : AARTIIND  -  Diff:-6.95, Percent Difference: -1.53%
[2023-11-01 15:36:43] : CREDITACC  -  Diff:24.20, Percent Difference: +1.52%
[2023-11-02 09:24:29] : ENGINERSIN  -   125.8 - Diff:2.95, Percent Difference: +2.40%
[2023-11-02 09:24:36] : SUZLON  -   31.55 - Diff:0.55, Percent Difference: +1.77%
[2023-11-02 09:24:46] : ZOMATO  -   105.7 - Diff:1.65, Percent Difference: +1.59%
[2023-11-02 09:24:57] : IIFLSEC  -   105.55 - Diff:1.90, Percent Difference: +1.83%
[2023-11-02 09:25:06] : MOTILALOFS  -   1031.25 - Diff:17.25, Percent Difference: +1.70%
[2023-11-02 09:25:14] : IOC  -   93.65 - Diff:1.65, Percent Difference: +1.79%
[2023-11-02 09:25:21] : AARTIDRUGS  -   474.3 - Diff:12.30, Percent Difference: +2.66%
[2023-11-02 09:35:36] : AARTIIND  -   453.5 - Diff:7.15, Percent Difference: +1.60%
[2023-11-02 09:35:45] : CIEINDIA  -   459.95 - Diff:7.40, Percent Difference: +1.64%
[2023-11-02 09:35:53] : BHARTIARTL  -   923.0 - Diff:16.05, Percent Difference: +1.77%
[2023-11-02 09:36:03] : ASHOKLEY  -   168.05 - Diff:2.90, Percent Difference: +1.76%
[2023-11-02 09:46:20] : LATENTVIEW  -   407.45 - Diff:6.55, Percent Difference: +1.63%
[2023-11-02 09:56:36] : IOC  -   95.25 - Diff:1.60, Percent Difference: +1.71%
[2023-11-02 09:56:44] : AARTIDRUGS  -   465.3 - Diff:-9.00, Percent Difference: -1.90%
[2023-11-02 10:07:02] : MOTILALOFS  -   1014.2 - Diff:-17.05, Percent Difference: -1.65%
[2023-11-02 10:10:00] : ZOMATO - Buy 100.0 @ 106.4
[2023-11-02 10:11:00] : TITAGARH - Buy 10.0 @ 768.3
[2023-11-02 10:30:54] : BHEL  -   124.45 - Diff:2.50, Percent Difference: +2.05%
[2023-11-02 10:51:22] : MOTILALOFS  -   997.2 - Diff:-17.00, Percent Difference: -1.68%
[2023-11-02 12:45:00] : JUBLFOOD - Sell 40.0 @ 501.7
[2023-11-02 13:22:44] : SAIL  -   84.7 - Diff:1.30, Percent Difference: +1.56%
[2023-11-02 13:33:02] : HINDALCO  -   469.9 - Diff:7.05, Percent Difference: +1.52%
[2023-11-02 14:03:39] : TATAMOTORS  -   636.4 - Diff:9.50, Percent Difference: +1.52%
[2023-11-02 14:03:48] : MOTILALOFS  -   980.0 - Diff:-17.20, Percent Difference: -1.72%
[2023-11-02 14:14:05] : BHEL  -   126.4 - Diff:1.95, Percent Difference: +1.57%
[2023-11-02 14:27:00] : AARTIDRUGS - Sell 70.0 @ 463.13
[2023-11-02 14:43:00] : SANSERA - Buy 20.0 @ 844.75
[2023-11-02 14:44:42] : CIEINDIA  -   467.25 - Diff:7.30, Percent Difference: +1.59%
[2023-11-02 14:50:00] : DEEPAKFERT - Buy 25.0 @ 598.0
[2023-11-02 14:52:00] : ZYDUSLIFE - Buy 25.0 @ 577.55
[2023-11-02 15:01:00] : SUZLON - Buy 200.0 @ 32.25
[2023-11-02 15:05:09] : SUZLON  -   32.45 - Diff:0.90, Percent Difference: +2.85%
[2023-11-02 15:05:19] : ZOMATO  -   107.7 - Diff:2.00, Percent Difference: +1.89%
[2023-11-02 15:05:29] : IIFLSEC  -   107.5 - Diff:1.95, Percent Difference: +1.85%
[2023-11-02 15:05:38] : SONATSOFTW  -   1165.0 - Diff:17.30, Percent Difference: +1.51%
[2023-11-02 15:15:56] : FIVESTAR  -   752.3 - Diff:11.35, Percent Difference: +1.53%
[2023-11-02 15:26:14] : SONATSOFTW  -   1196.9 - Diff:31.90, Percent Difference: +2.74%
